<?xml version="1.0" encoding="UTF-8"?>
<!-- Generated by org.testng.reporters.JUnitXMLReporter -->
<testsuite ignored="0" hostname="LAPTOP-M8MK31VD" failures="1" tests="3" name="Test" time="0.043" errors="0" timestamp="2022-01-30T19:04:02 IST">
  <testcase classname="listeners.listenertest" name="test1" time="0.007"/>
  <testcase classname="listeners.listenertest" name="test2" time="0.001">
    <failure type="java.lang.AssertionError" message="expected [B] but found [A]">
      <![CDATA[java.lang.AssertionError: expected [B] but found [A]
at listeners.listenertest.test2(listenertest.java:23)
at java.base/java.util.ArrayList.forEach(ArrayList.java:1511)
... Removed 33 stack frames]]>
    </failure>
  </testcase> <!-- test2 -->
  <testcase classname="listeners.listenertest" name="test3" time="0.002">
    <skipped/>
  </testcase> <!-- test3 -->
</testsuite> <!-- Test -->
