<?xml version="1.0" encoding="UTF-8"?>
<testng-results ignored="0" total="2" passed="2" failed="0" skipped="0">
  <reporter-output>
  </reporter-output>
  <suite started-at="2023-03-06T21:47:53 IST" name="Default suite" finished-at="2023-03-06T21:47:53 IST" duration-ms="44">
    <groups>
    </groups>
    <test started-at="2023-03-06T21:47:53 IST" name="Default test" finished-at="2023-03-06T21:47:53 IST" duration-ms="44">
      <class name="testngpackage.testng4">
        <test-method is-config="true" signature="beforesuite()[pri:0, instance:testngpackage.testng4@6da21078]" started-at="2023-03-06T21:47:53 IST" name="beforesuite" finished-at="2023-03-06T21:47:53 IST" duration-ms="12" status="PASS">
          <reporter-output>
          </reporter-output>
        </test-method> <!-- beforesuite -->
        <test-method is-config="true" signature="beforeclass()[pri:0, instance:testngpackage.testng4@6da21078]" started-at="2023-03-06T21:47:53 IST" name="beforeclass" finished-at="2023-03-06T21:47:53 IST" duration-ms="0" status="PASS">
          <reporter-output>
          </reporter-output>
        </test-method> <!-- beforeclass -->
        <test-method signature="test3()[pri:0, instance:testngpackage.testng4@6da21078]" started-at="2023-03-06T21:47:53 IST" name="test3" finished-at="2023-03-06T21:47:53 IST" duration-ms="6" status="PASS">
          <reporter-output>
          </reporter-output>
        </test-method> <!-- test3 -->
        <test-method signature="test4()[pri:0, instance:testngpackage.testng4@6da21078]" started-at="2023-03-06T21:47:53 IST" name="test4" finished-at="2023-03-06T21:47:53 IST" duration-ms="1" status="PASS">
          <reporter-output>
          </reporter-output>
        </test-method> <!-- test4 -->
        <test-method is-config="true" signature="afterclass()[pri:0, instance:testngpackage.testng4@6da21078]" started-at="2023-03-06T21:47:53 IST" name="afterclass" finished-at="2023-03-06T21:47:53 IST" duration-ms="1" status="PASS">
          <reporter-output>
          </reporter-output>
        </test-method> <!-- afterclass -->
        <test-method is-config="true" signature="aftersuite()[pri:0, instance:testngpackage.testng4@6da21078]" started-at="2023-03-06T21:47:54 IST" name="aftersuite" finished-at="2023-03-06T21:47:54 IST" duration-ms="0" status="PASS">
          <reporter-output>
          </reporter-output>
        </test-method> <!-- aftersuite -->
      </class> <!-- testngpackage.testng4 -->
    </test> <!-- Default test -->
  </suite> <!-- Default suite -->
</testng-results>
