<?xml version="1.0" encoding="UTF-8"?>
<testng-results ignored="0" total="2" passed="2" failed="0" skipped="0">
  <reporter-output>
  </reporter-output>
  <suite started-at="2023-03-06T07:27:54 IST" name="Default suite" finished-at="2023-03-06T07:27:54 IST" duration-ms="66">
    <groups>
    </groups>
    <test started-at="2023-03-06T07:27:54 IST" name="Default test" finished-at="2023-03-06T07:27:54 IST" duration-ms="66">
      <class name="practicepackage.dataprovider">
        <test-method signature="logintest(java.lang.String,java.lang.String)[pri:0, instance:practicepackage.dataprovider@2df9b86]" started-at="2023-03-06T07:27:54 IST" name="logintest" data-provider="logindataprovider" finished-at="2023-03-06T07:27:54 IST" duration-ms="8" status="PASS">
          <params>
            <param index="0">
              <value>
                <![CDATA[abc@gmail.com]]>
              </value>
            </param>
            <param index="1">
              <value>
                <![CDATA[abc]]>
              </value>
            </param>
          </params>
          <reporter-output>
          </reporter-output>
        </test-method> <!-- logintest -->
        <test-method signature="logintest(java.lang.String,java.lang.String)[pri:0, instance:practicepackage.dataprovider@2df9b86]" started-at="2023-03-06T07:27:54 IST" name="logintest" data-provider="logindataprovider" finished-at="2023-03-06T07:27:54 IST" duration-ms="2" status="PASS">
          <params>
            <param index="0">
              <value>
                <![CDATA[bcd@gmail.com]]>
              </value>
            </param>
            <param index="1">
              <value>
                <![CDATA[jkl]]>
              </value>
            </param>
          </params>
          <reporter-output>
          </reporter-output>
        </test-method> <!-- logintest -->
      </class> <!-- practicepackage.dataprovider -->
    </test> <!-- Default test -->
  </suite> <!-- Default suite -->
</testng-results>
